This file contains any messages produced by compilers while
running configure, to aid debugging if configure makes a mistake.

It was created by configure, which was
generated by GNU Autoconf 2.59.  Invocation command line was

  $ ./configure 

## --------- ##
## Platform. ##
## --------- ##

hostname = aswin-p6-2180ea
uname -m = x86_64
uname -r = 4.15.0-91-generic
uname -s = Linux
uname -v = #92-Ubuntu SMP Fri Feb 28 11:09:48 UTC 2020

/usr/bin/uname -p = unknown
/bin/uname -X     = unknown

/bin/arch              = unknown
/usr/bin/arch -k       = unknown
/usr/convex/getsysinfo = unknown
hostinfo               = unknown
/bin/machine           = unknown
/usr/bin/oslevel       = unknown
/bin/universe          = unknown

PATH: /opt/intel/openvino_2019.3.376/deployment_tools/model_optimizer
PATH: /opt/intel/compilers_and_libraries_2020.0.166/linux/bin/intel64
PATH: /opt/intel/compilers_and_libraries_2020.0.166/linux/bin
PATH: /opt/intel/compilers_and_libraries_2020.0.166/linux/mpi/intel64/libfabric/bin
PATH: /opt/intel/compilers_and_libraries_2020.0.166/linux/mpi/intel64/bin
PATH: /opt/intel/debugger_2020/gdb/intel64/bin
PATH: /home/aswin/Documents/JS-Projects/emscripten/emsdk
PATH: /home/aswin/Documents/JS-Projects/emscripten/emsdk/fastcomp/emscripten
PATH: /home/aswin/Documents/JS-Projects/emscripten/emsdk/node/12.9.1_64bit/bin
PATH: /home/aswin/.config/composer/vendor/bin
PATH: /var/opt/ngrok-stable-linux-amd64
PATH: /home/aswin/anaconda3/bin
PATH: /home/aswin/anaconda3/condabin
PATH: /home/aswin/.local/bin
PATH: /usr/local/sbin
PATH: /usr/local/bin
PATH: /usr/sbin
PATH: /usr/bin
PATH: /sbin
PATH: /bin
PATH: /usr/games
PATH: /usr/local/games
PATH: /snap/bin
PATH: /home/aswin/Android/Sdk/emulator
PATH: /home/aswin/Android/Sdk/tools
PATH: /home/aswin/Android/Sdk/tools/bin
PATH: /home/aswin/Android/Sdk/platform-tools


## ----------- ##
## Core tests. ##
## ----------- ##

configure:1335: checking build system type
configure:1353: result: x86_64-unknown-linux-gnu
configure:1361: checking host system type
configure:1375: result: x86_64-unknown-linux-gnu
configure:1398: checking for a BSD-compatible install
configure:1453: result: /usr/bin/install -c
configure:1464: checking whether build environment is sane
configure:1507: result: yes
configure:1572: checking for gawk
configure:1588: found /usr/bin/gawk
configure:1598: result: gawk
configure:1608: checking whether make sets $(MAKE)
configure:1628: result: yes
configure:1843: checking for gcc
configure:1859: found /usr/bin/gcc
configure:1869: result: gcc
configure:2113: checking for C compiler version
configure:2116: gcc --version </dev/null >&5
gcc (Ubuntu 7.5.0-3ubuntu1~18.04) 7.5.0
Copyright (C) 2017 Free Software Foundation, Inc.
This is free software; see the source for copying conditions.  There is NO
warranty; not even for MERCHANTABILITY or FITNESS FOR A PARTICULAR PURPOSE.

configure:2119: $? = 0
configure:2121: gcc -v </dev/null >&5
Using built-in specs.
COLLECT_GCC=gcc
COLLECT_LTO_WRAPPER=/usr/lib/gcc/x86_64-linux-gnu/7/lto-wrapper
OFFLOAD_TARGET_NAMES=nvptx-none
OFFLOAD_TARGET_DEFAULT=1
Target: x86_64-linux-gnu
Configured with: ../src/configure -v --with-pkgversion='Ubuntu 7.5.0-3ubuntu1~18.04' --with-bugurl=file:///usr/share/doc/gcc-7/README.Bugs --enable-languages=c,ada,c++,go,brig,d,fortran,objc,obj-c++ --prefix=/usr --with-gcc-major-version-only --program-suffix=-7 --program-prefix=x86_64-linux-gnu- --enable-shared --enable-linker-build-id --libexecdir=/usr/lib --without-included-gettext --enable-threads=posix --libdir=/usr/lib --enable-nls --enable-bootstrap --enable-clocale=gnu --enable-libstdcxx-debug --enable-libstdcxx-time=yes --with-default-libstdcxx-abi=new --enable-gnu-unique-object --disable-vtable-verify --enable-libmpx --enable-plugin --enable-default-pie --with-system-zlib --with-target-system-zlib --enable-objc-gc=auto --enable-multiarch --disable-werror --with-arch-32=i686 --with-abi=m64 --with-multilib-list=m32,m64,mx32 --enable-multilib --with-tune=generic --enable-offload-targets=nvptx-none --without-cuda-driver --enable-checking=release --build=x86_64-linux-gnu --host=x86_64-linux-gnu --target=x86_64-linux-gnu
Thread model: posix
gcc version 7.5.0 (Ubuntu 7.5.0-3ubuntu1~18.04) 
configure:2124: $? = 0
configure:2126: gcc -V </dev/null >&5
gcc: error: unrecognized command line option '-V'
gcc: fatal error: no input files
compilation terminated.
configure:2129: $? = 1
configure:2152: checking for C compiler default output file name
configure:2155: gcc    conftest.c  >&5
configure:2158: $? = 0
configure:2204: result: a.out
configure:2209: checking whether the C compiler works
configure:2215: ./a.out
configure:2218: $? = 0
configure:2235: result: yes
configure:2242: checking whether we are cross compiling
configure:2244: result: no
configure:2247: checking for suffix of executables
configure:2249: gcc -o conftest    conftest.c  >&5
configure:2252: $? = 0
configure:2277: result: 
configure:2283: checking for suffix of object files
configure:2304: gcc -c   conftest.c >&5
configure:2307: $? = 0
configure:2329: result: o
configure:2333: checking whether we are using the GNU C compiler
configure:2357: gcc -c   conftest.c >&5
configure:2363: $? = 0
configure:2367: test -z 
			 || test ! -s conftest.err
configure:2370: $? = 0
configure:2373: test -s conftest.o
configure:2376: $? = 0
configure:2389: result: yes
configure:2395: checking whether gcc accepts -g
configure:2416: gcc -c -g  conftest.c >&5
configure:2422: $? = 0
configure:2426: test -z 
			 || test ! -s conftest.err
configure:2429: $? = 0
configure:2432: test -s conftest.o
configure:2435: $? = 0
configure:2446: result: yes
configure:2463: checking for gcc option to accept ANSI C
configure:2533: gcc  -c -g -O2  conftest.c >&5
configure:2539: $? = 0
configure:2543: test -z 
			 || test ! -s conftest.err
configure:2546: $? = 0
configure:2549: test -s conftest.o
configure:2552: $? = 0
configure:2570: result: none needed
configure:2588: gcc -c -g -O2  conftest.c >&5
conftest.c:2:3: error: unknown type name 'choke'
   choke me
   ^~~~~
conftest.c:2:3: error: expected '=', ',', ';', 'asm' or '__attribute__' at end of input
configure:2594: $? = 1
configure: failed program was:
| #ifndef __cplusplus
|   choke me
| #endif
configure:2738: checking for style of include used by make
configure:2766: result: GNU
configure:2794: checking dependency style of gcc
configure:2884: result: gcc3
configure:2906: checking how to run the C preprocessor
configure:2941: gcc -E  conftest.c
configure:2947: $? = 0
configure:2979: gcc -E  conftest.c
conftest.c:11:10: fatal error: ac_nonexistent.h: No such file or directory
 #include <ac_nonexistent.h>
          ^~~~~~~~~~~~~~~~~~
compilation terminated.
configure:2985: $? = 1
configure: failed program was:
| /* confdefs.h.  */
| 
| #define PACKAGE_NAME ""
| #define PACKAGE_TARNAME ""
| #define PACKAGE_VERSION ""
| #define PACKAGE_STRING ""
| #define PACKAGE_BUGREPORT ""
| #define PACKAGE "dcfldd"
| #define VERSION "1.3.4-1"
| /* end confdefs.h.  */
| #include <ac_nonexistent.h>
configure:3024: result: gcc -E
configure:3048: gcc -E  conftest.c
configure:3054: $? = 0
configure:3086: gcc -E  conftest.c
conftest.c:11:10: fatal error: ac_nonexistent.h: No such file or directory
 #include <ac_nonexistent.h>
          ^~~~~~~~~~~~~~~~~~
compilation terminated.
configure:3092: $? = 1
configure: failed program was:
| /* confdefs.h.  */
| 
| #define PACKAGE_NAME ""
| #define PACKAGE_TARNAME ""
| #define PACKAGE_VERSION ""
| #define PACKAGE_STRING ""
| #define PACKAGE_BUGREPORT ""
| #define PACKAGE "dcfldd"
| #define VERSION "1.3.4-1"
| /* end confdefs.h.  */
| #include <ac_nonexistent.h>
configure:3137: checking for egrep
configure:3147: result: grep -E
configure:3153: checking whether gcc needs -traditional
configure:3195: result: no
configure:3215: checking for a BSD-compatible install
configure:3270: result: /usr/bin/install -c
configure:3281: checking whether ln -s works
configure:3285: result: yes
configure:3292: checking whether make sets $(MAKE)
configure:3312: result: yes
configure:3362: checking for ranlib
configure:3378: found /usr/bin/ranlib
configure:3389: result: ranlib
configure:3402: checking for ANSI C header files
configure:3427: gcc -c -g -O2  conftest.c >&5
configure:3433: $? = 0
configure:3437: test -z 
			 || test ! -s conftest.err
configure:3440: $? = 0
configure:3443: test -s conftest.o
configure:3446: $? = 0
configure:3535: gcc -o conftest -g -O2   conftest.c  >&5
conftest.c: In function 'main':
conftest.c:28:7: warning: implicit declaration of function 'exit' [-Wimplicit-function-declaration]
       exit(2);
       ^~~~
conftest.c:28:7: warning: incompatible implicit declaration of built-in function 'exit'
conftest.c:28:7: note: include '<stdlib.h>' or provide a declaration of 'exit'
conftest.c:29:3: warning: incompatible implicit declaration of built-in function 'exit'
   exit (0);
   ^~~~
conftest.c:29:3: note: include '<stdlib.h>' or provide a declaration of 'exit'
configure:3538: $? = 0
configure:3540: ./conftest
configure:3543: $? = 0
configure:3558: result: yes
configure:3569: checking for an ANSI C-conforming const
configure:3636: gcc -c -g -O2  conftest.c >&5
configure:3642: $? = 0
configure:3646: test -z 
			 || test ! -s conftest.err
configure:3649: $? = 0
configure:3652: test -s conftest.o
configure:3655: $? = 0
configure:3666: result: yes
configure:3690: checking for sys/types.h
configure:3706: gcc -c -g -O2  conftest.c >&5
configure:3712: $? = 0
configure:3716: test -z 
			 || test ! -s conftest.err
configure:3719: $? = 0
configure:3722: test -s conftest.o
configure:3725: $? = 0
configure:3736: result: yes
configure:3690: checking for sys/stat.h
configure:3706: gcc -c -g -O2  conftest.c >&5
configure:3712: $? = 0
configure:3716: test -z 
			 || test ! -s conftest.err
configure:3719: $? = 0
configure:3722: test -s conftest.o
configure:3725: $? = 0
configure:3736: result: yes
configure:3690: checking for stdlib.h
configure:3706: gcc -c -g -O2  conftest.c >&5
configure:3712: $? = 0
configure:3716: test -z 
			 || test ! -s conftest.err
configure:3719: $? = 0
configure:3722: test -s conftest.o
configure:3725: $? = 0
configure:3736: result: yes
configure:3690: checking for string.h
configure:3706: gcc -c -g -O2  conftest.c >&5
configure:3712: $? = 0
configure:3716: test -z 
			 || test ! -s conftest.err
configure:3719: $? = 0
configure:3722: test -s conftest.o
configure:3725: $? = 0
configure:3736: result: yes
configure:3690: checking for memory.h
configure:3706: gcc -c -g -O2  conftest.c >&5
configure:3712: $? = 0
configure:3716: test -z 
			 || test ! -s conftest.err
configure:3719: $? = 0
configure:3722: test -s conftest.o
configure:3725: $? = 0
configure:3736: result: yes
configure:3690: checking for strings.h
configure:3706: gcc -c -g -O2  conftest.c >&5
configure:3712: $? = 0
configure:3716: test -z 
			 || test ! -s conftest.err
configure:3719: $? = 0
configure:3722: test -s conftest.o
configure:3725: $? = 0
configure:3736: result: yes
configure:3690: checking for inttypes.h
configure:3706: gcc -c -g -O2  conftest.c >&5
configure:3712: $? = 0
configure:3716: test -z 
			 || test ! -s conftest.err
configure:3719: $? = 0
configure:3722: test -s conftest.o
configure:3725: $? = 0
configure:3736: result: yes
configure:3690: checking for stdint.h
configure:3706: gcc -c -g -O2  conftest.c >&5
configure:3712: $? = 0
configure:3716: test -z 
			 || test ! -s conftest.err
configure:3719: $? = 0
configure:3722: test -s conftest.o
configure:3725: $? = 0
configure:3736: result: yes
configure:3690: checking for unistd.h
configure:3706: gcc -c -g -O2  conftest.c >&5
configure:3712: $? = 0
configure:3716: test -z 
			 || test ! -s conftest.err
configure:3719: $? = 0
configure:3722: test -s conftest.o
configure:3725: $? = 0
configure:3736: result: yes
configure:3748: checking for off_t
configure:3772: gcc -c -g -O2  conftest.c >&5
configure:3778: $? = 0
configure:3782: test -z 
			 || test ! -s conftest.err
configure:3785: $? = 0
configure:3788: test -s conftest.o
configure:3791: $? = 0
configure:3802: result: yes
configure:3814: checking for size_t
configure:3838: gcc -c -g -O2  conftest.c >&5
configure:3844: $? = 0
configure:3848: test -z 
			 || test ! -s conftest.err
configure:3851: $? = 0
configure:3854: test -s conftest.o
configure:3857: $? = 0
configure:3868: result: yes
configure:3881: checking whether strtol is declared
configure:3905: gcc -c -g -O2  conftest.c >&5
configure:3911: $? = 0
configure:3915: test -z 
			 || test ! -s conftest.err
configure:3918: $? = 0
configure:3921: test -s conftest.o
configure:3924: $? = 0
configure:3935: result: yes
configure:3951: checking whether strtoul is declared
configure:3975: gcc -c -g -O2  conftest.c >&5
configure:3981: $? = 0
configure:3985: test -z 
			 || test ! -s conftest.err
configure:3988: $? = 0
configure:3991: test -s conftest.o
configure:3994: $? = 0
configure:4005: result: yes
configure:4021: checking whether strtoumax is declared
configure:4045: gcc -c -g -O2  conftest.c >&5
configure:4051: $? = 0
configure:4055: test -z 
			 || test ! -s conftest.err
configure:4058: $? = 0
configure:4061: test -s conftest.o
configure:4064: $? = 0
configure:4075: result: yes
configure:4091: checking whether strndup is declared
configure:4115: gcc -c -g -O2  conftest.c >&5
configure:4121: $? = 0
configure:4125: test -z 
			 || test ! -s conftest.err
configure:4128: $? = 0
configure:4131: test -s conftest.o
configure:4134: $? = 0
configure:4145: result: yes
configure:4275: creating ./config.status

## ---------------------- ##
## Running config.status. ##
## ---------------------- ##

This file was extended by config.status, which was
generated by GNU Autoconf 2.59.  Invocation command line was

  CONFIG_FILES    = 
  CONFIG_HEADERS  = 
  CONFIG_LINKS    = 
  CONFIG_COMMANDS = 
  $ ./config.status 

on aswin-p6-2180ea

config.status:700: creating Makefile
config.status:804: creating config.h
config.status:1098: executing depfiles commands

## ---------------- ##
## Cache variables. ##
## ---------------- ##

ac_cv_build=x86_64-unknown-linux-gnu
ac_cv_build_alias=x86_64-unknown-linux-gnu
ac_cv_c_compiler_gnu=yes
ac_cv_c_const=yes
ac_cv_env_CC_set=
ac_cv_env_CC_value=
ac_cv_env_CFLAGS_set=
ac_cv_env_CFLAGS_value=
ac_cv_env_CPPFLAGS_set=
ac_cv_env_CPPFLAGS_value=
ac_cv_env_CPP_set=
ac_cv_env_CPP_value=
ac_cv_env_LDFLAGS_set=
ac_cv_env_LDFLAGS_value=
ac_cv_env_build_alias_set=
ac_cv_env_build_alias_value=
ac_cv_env_host_alias_set=
ac_cv_env_host_alias_value=
ac_cv_env_target_alias_set=
ac_cv_env_target_alias_value=
ac_cv_exeext=
ac_cv_have_decl_strndup=yes
ac_cv_have_decl_strtol=yes
ac_cv_have_decl_strtoul=yes
ac_cv_have_decl_strtoumax=yes
ac_cv_header_inttypes_h=yes
ac_cv_header_memory_h=yes
ac_cv_header_stdc=yes
ac_cv_header_stdint_h=yes
ac_cv_header_stdlib_h=yes
ac_cv_header_string_h=yes
ac_cv_header_strings_h=yes
ac_cv_header_sys_stat_h=yes
ac_cv_header_sys_types_h=yes
ac_cv_header_unistd_h=yes
ac_cv_host=x86_64-unknown-linux-gnu
ac_cv_host_alias=x86_64-unknown-linux-gnu
ac_cv_objext=o
ac_cv_path_install='/usr/bin/install -c'
ac_cv_prog_AWK=gawk
ac_cv_prog_CPP='gcc -E'
ac_cv_prog_ac_ct_CC=gcc
ac_cv_prog_ac_ct_RANLIB=ranlib
ac_cv_prog_cc_g=yes
ac_cv_prog_cc_stdc=
ac_cv_prog_egrep='grep -E'
ac_cv_prog_gcc_traditional=no
ac_cv_prog_make_make_set=yes
ac_cv_type_off_t=yes
ac_cv_type_size_t=yes
am_cv_CC_dependencies_compiler_type=gcc3

## ----------------- ##
## Output variables. ##
## ----------------- ##

ACLOCAL='${SHELL} /home/aswin/Documents/Courses/OU/Digital-Forensics/dcfldd-1.3.4-1/missing --run aclocal-1.9'
AMDEPBACKSLASH='\'
AMDEP_FALSE='#'
AMDEP_TRUE=''
AMTAR='${SHELL} /home/aswin/Documents/Courses/OU/Digital-Forensics/dcfldd-1.3.4-1/missing --run tar'
AUTOCONF='${SHELL} /home/aswin/Documents/Courses/OU/Digital-Forensics/dcfldd-1.3.4-1/missing --run autoconf'
AUTOHEADER='${SHELL} /home/aswin/Documents/Courses/OU/Digital-Forensics/dcfldd-1.3.4-1/missing --run autoheader'
AUTOMAKE='${SHELL} /home/aswin/Documents/Courses/OU/Digital-Forensics/dcfldd-1.3.4-1/missing --run automake-1.9'
AWK='gawk'
CC='gcc'
CCDEPMODE='depmode=gcc3'
CFLAGS='-g -O2'
CPP='gcc -E'
CPPFLAGS=''
CYGPATH_W='echo'
DEFS='-DHAVE_CONFIG_H'
DEPDIR='.deps'
ECHO_C=''
ECHO_N='-n'
ECHO_T=''
EGREP='grep -E'
EXEEXT=''
INSTALL_DATA='${INSTALL} -m 644'
INSTALL_PROGRAM='${INSTALL}'
INSTALL_SCRIPT='${INSTALL}'
INSTALL_STRIP_PROGRAM='${SHELL} $(install_sh) -c -s'
LDFLAGS=''
LIBOBJS=''
LIBS=''
LN_S='ln -s'
LTLIBOBJS=''
MAKEINFO='${SHELL} /home/aswin/Documents/Courses/OU/Digital-Forensics/dcfldd-1.3.4-1/missing --run makeinfo'
OBJEXT='o'
PACKAGE='dcfldd'
PACKAGE_BUGREPORT=''
PACKAGE_NAME=''
PACKAGE_STRING=''
PACKAGE_TARNAME=''
PACKAGE_VERSION=''
PATH_SEPARATOR=':'
RANLIB='ranlib'
SET_MAKE=''
SHELL='/bin/bash'
STRIP=''
VERSION='1.3.4-1'
ac_ct_CC='gcc'
ac_ct_RANLIB='ranlib'
ac_ct_STRIP=''
am__fastdepCC_FALSE='#'
am__fastdepCC_TRUE=''
am__include='include'
am__leading_dot='.'
am__quote=''
am__tar='${AMTAR} chof - "$$tardir"'
am__untar='${AMTAR} xf -'
bindir='${exec_prefix}/bin'
build='x86_64-unknown-linux-gnu'
build_alias=''
build_cpu='x86_64'
build_os='linux-gnu'
build_vendor='unknown'
datadir='${prefix}/share'
exec_prefix='${prefix}'
host='x86_64-unknown-linux-gnu'
host_alias=''
host_cpu='x86_64'
host_os='linux-gnu'
host_vendor='unknown'
includedir='${prefix}/include'
infodir='${prefix}/info'
install_sh='/home/aswin/Documents/Courses/OU/Digital-Forensics/dcfldd-1.3.4-1/install-sh'
libdir='${exec_prefix}/lib'
libexecdir='${exec_prefix}/libexec'
localstatedir='${prefix}/var'
mandir='${prefix}/man'
mkdir_p='mkdir -p --'
oldincludedir='/usr/include'
prefix='/usr/local'
program_transform_name='s,x,x,'
sbindir='${exec_prefix}/sbin'
sharedstatedir='${prefix}/com'
sysconfdir='${prefix}/etc'
target_alias=''

## ----------- ##
## confdefs.h. ##
## ----------- ##

#define HAVE_DECL_STRNDUP 1
#define HAVE_DECL_STRTOL 1
#define HAVE_DECL_STRTOUL 1
#define HAVE_DECL_STRTOUMAX 1
#define HAVE_INTTYPES_H 1
#define HAVE_MEMORY_H 1
#define HAVE_STDINT_H 1
#define HAVE_STDLIB_H 1
#define HAVE_STRINGS_H 1
#define HAVE_STRING_H 1
#define HAVE_SYS_STAT_H 1
#define HAVE_SYS_TYPES_H 1
#define HAVE_UNISTD_H 1
#define PACKAGE "dcfldd"
#define PACKAGE_BUGREPORT ""
#define PACKAGE_NAME ""
#define PACKAGE_STRING ""
#define PACKAGE_TARNAME ""
#define PACKAGE_VERSION ""
#define STDC_HEADERS 1
#define VERSION "1.3.4-1"

configure: exit 0
